<?xml version="1.0" encoding="UTF-8"?>
<!-- Generated by org.testng.reporters.JUnitReportReporter -->
<testsuite hostname="DESKTOP-EG9V7VJ" failures="0" tests="1" name="com.GiftShop.TestCases.MyCart_Test" time="60.129" errors="0" timestamp="2021-05-27T18:29:15 IST" skipped="0">
  <testcase classname="com.GiftShop.TestCases.MyCart_Test" name="continueShoppingButtonTest" time="60.129"/>
  <system-out/>
</testsuite> <!-- com.GiftShop.TestCases.MyCart_Test -->
